<?xml version="1.0" encoding="UTF-8"?>
<testng-results skipped="0" failed="0" total="1" passed="1">
  <reporter-output>
  </reporter-output>
  <suite name="Custom suite" duration-ms="13195" started-at="2017-06-20T18:04:33Z" finished-at="2017-06-20T18:04:46Z">
    <groups>
    </groups>
    <test name="Jaguar" duration-ms="13195" started-at="2017-06-20T18:04:33Z" finished-at="2017-06-20T18:04:46Z">
      <class name="com.jaguar.om.test.DAOTest">
        <test-method status="PASS" signature="springTestContextBeforeTestClass()[pri:0, instance:com.jaguar.om.test.DAOTest@459e9125]" name="springTestContextBeforeTestClass" is-config="true" duration-ms="9" started-at="2017-06-20T14:04:33Z" finished-at="2017-06-20T14:04:33Z">
          <reporter-output>
          </reporter-output>
        </test-method> <!-- springTestContextBeforeTestClass -->
        <test-method status="PASS" signature="springTestContextPrepareTestInstance()[pri:0, instance:com.jaguar.om.test.DAOTest@459e9125]" name="springTestContextPrepareTestInstance" is-config="true" duration-ms="2356" started-at="2017-06-20T14:04:33Z" depends-on-methods="org.springframework.test.context.testng.AbstractTestNGSpringContextTests.springTestContextBeforeTestClass" finished-at="2017-06-20T14:04:36Z">
          <reporter-output>
          </reporter-output>
        </test-method> <!-- springTestContextPrepareTestInstance -->
        <test-method status="PASS" signature="springTestContextBeforeTestMethod(java.lang.reflect.Method)[pri:0, instance:com.jaguar.om.test.DAOTest@459e9125]" name="springTestContextBeforeTestMethod" is-config="true" duration-ms="81" started-at="2017-06-20T14:04:36Z" finished-at="2017-06-20T14:04:36Z">
          <params>
            <param index="0">
              <value>
                <![CDATA[public void com.jaguar.om.test.DAOTest.testCreatingApplicationContext() throws java.lang.Exception]]>
              </value>
            </param>
          </params>
          <reporter-output>
          </reporter-output>
        </test-method> <!-- springTestContextBeforeTestMethod -->
        <test-method status="PASS" signature="testCreatingApplicationContext()[pri:0, instance:com.jaguar.om.test.DAOTest@459e9125]" name="testCreatingApplicationContext" duration-ms="10734" started-at="2017-06-20T14:04:36Z" finished-at="2017-06-20T14:04:46Z">
          <reporter-output>
          </reporter-output>
        </test-method> <!-- testCreatingApplicationContext -->
        <test-method status="PASS" signature="springTestContextAfterTestMethod(java.lang.reflect.Method)[pri:0, instance:com.jaguar.om.test.DAOTest@459e9125]" name="springTestContextAfterTestMethod" is-config="true" duration-ms="6" started-at="2017-06-20T14:04:46Z" finished-at="2017-06-20T14:04:46Z">
          <params>
            <param index="0">
              <value>
                <![CDATA[public void com.jaguar.om.test.DAOTest.testCreatingApplicationContext() throws java.lang.Exception]]>
              </value>
            </param>
          </params>
          <reporter-output>
          </reporter-output>
        </test-method> <!-- springTestContextAfterTestMethod -->
        <test-method status="PASS" signature="springTestContextAfterTestClass()[pri:0, instance:com.jaguar.om.test.DAOTest@459e9125]" name="springTestContextAfterTestClass" is-config="true" duration-ms="0" started-at="2017-06-20T14:04:46Z" finished-at="2017-06-20T14:04:46Z">
          <reporter-output>
          </reporter-output>
        </test-method> <!-- springTestContextAfterTestClass -->
      </class> <!-- com.jaguar.om.test.DAOTest -->
    </test> <!-- Jaguar -->
  </suite> <!-- Custom suite -->
</testng-results>
